<?xml version="1.0" encoding="UTF-8"?>
<!-- Generated by org.testng.reporters.JUnitXMLReporter -->
<testsuite ignored="0" hostname="LAPTOP-SEJ2E58A" failures="3" tests="3" name="Test_GIT" time="2.536" errors="0" timestamp="2022-07-30T16:05:25 EDT">
  <testcase classname="gitTest.TC1_POST_NewRepo" name="newRepo" time="1.872">
    <failure type="java.lang.AssertionError" message="expected [201] but found [422]">
      <![CDATA[java.lang.AssertionError: expected [201] but found [422]
at gitTest.TC1_POST_NewRepo.newRepo(TC1_POST_NewRepo.java:47)
at java.base/java.util.ArrayList.forEach(ArrayList.java:1511)
... Removed 33 stack frames]]>
    </failure>
  </testcase> <!-- newRepo -->
  <testcase classname="gitTest.TC2_GET_VerifyRepo" name="verifyRepo" time="0.202">
    <failure type="java.lang.AssertionError" message="expected [200] but found [404]">
      <![CDATA[java.lang.AssertionError: expected [200] but found [404]
at gitTest.TC2_GET_VerifyRepo.verifyRepo(TC2_GET_VerifyRepo.java:41)
at java.base/java.util.ArrayList.forEach(ArrayList.java:1511)
... Removed 33 stack frames]]>
    </failure>
  </testcase> <!-- verifyRepo -->
  <testcase classname="gitTest.TC3_DEL_delRepo" name="deleteRepo" time="0.414">
    <failure type="java.lang.AssertionError" message="expected [HTTP/1.1 204 No Content] but found [204]">
      <![CDATA[java.lang.AssertionError: expected [HTTP/1.1 204 No Content] but found [204]
at gitTest.TC3_DEL_delRepo.deleteRepo(TC3_DEL_delRepo.java:43)
at java.base/java.util.ArrayList.forEach(ArrayList.java:1511)
... Removed 32 stack frames]]>
    </failure>
  </testcase> <!-- deleteRepo -->
</testsuite> <!-- Test_GIT -->
