<?xml version="1.0" encoding="UTF-8"?>
<testng-results ignored="0" total="1" passed="1" failed="0" skipped="0">
  <reporter-output>
  </reporter-output>
  <suite started-at="2022-08-07T10:17:12 EDT" name="Default suite" finished-at="2022-08-07T10:17:14 EDT" duration-ms="2240">
    <groups>
    </groups>
    <test started-at="2022-08-07T10:17:12 EDT" name="Default test" finished-at="2022-08-07T10:17:14 EDT" duration-ms="2240">
      <class name="trelloTests.TC4_DEL_TrolloBoard">
        <test-method signature="delBoard()[pri:0, instance:trelloTests.TC4_DEL_TrolloBoard@10d307f1]" started-at="2022-08-07T10:17:12 EDT" name="delBoard" finished-at="2022-08-07T10:17:14 EDT" duration-ms="2201" status="PASS">
          <reporter-output>
          </reporter-output>
        </test-method> <!-- delBoard -->
      </class> <!-- trelloTests.TC4_DEL_TrolloBoard -->
    </test> <!-- Default test -->
  </suite> <!-- Default suite -->
</testng-results>
